<?xml version="1.0" encoding="UTF-8"?>
<!-- Generated by org.testng.reporters.JUnitReportReporter -->
<testsuite hostname="QSP" failures="0" tests="1" name="com.TestYantra.GitHub.Scripts.GetOperation" time="0.375" errors="0" timestamp="2021-07-24T10:06:59 IST" skipped="0">
  <testcase classname="com.TestYantra.GitHub.Scripts.GetOperation" name="tc1" time="0.375"/>
</testsuite> <!-- com.TestYantra.GitHub.Scripts.GetOperation -->
